<?xml version="1.0" encoding="UTF-8"?>
<!-- Generated by org.testng.reporters.JUnitReportReporter -->
<testsuite hostname="DESKTOP-S94KECF" name="com.bussinessscripts.SampleTest" tests="1" failures="0" timestamp="1 Jun 2021 04:37:52 GMT" time="12.154" errors="0">
  <testcase name="testOne" time="12.154" classname="com.bussinessscripts.SampleTest"/>
</testsuite> <!-- com.bussinessscripts.SampleTest -->
